[0.007s] Invoking command in '/home/jlegarrec/Documents/pfr_sim/differential_drive_robot/build/differential_drive_robot': CMAKE_PREFIX_PATH=${CMAKE_PREFIX_PATH}:/opt/ros/jazzy DEBUGINFOD_URLS=https://debuginfod.ubuntu.com /usr/bin/cmake /home/jlegarrec/Documents/pfr_sim/differential_drive_robot -DCMAKE_INSTALL_PREFIX=/home/jlegarrec/Documents/pfr_sim/differential_drive_robot/install/differential_drive_robot
[0.055s] -- The C compiler identification is GNU 13.2.0
[0.100s] -- The CXX compiler identification is GNU 13.2.0
[0.116s] -- Detecting C compiler ABI info
[0.195s] -- Detecting C compiler ABI info - done
[0.201s] -- Check for working C compiler: /usr/bin/cc - skipped
[0.201s] -- Detecting C compile features
[0.201s] -- Detecting C compile features - done
[0.210s] -- Detecting CXX compiler ABI info
[0.291s] -- Detecting CXX compiler ABI info - done
[0.300s] -- Check for working CXX compiler: /usr/bin/c++ - skipped
[0.300s] -- Detecting CXX compile features
[0.301s] -- Detecting CXX compile features - done
[0.304s] -- Found ament_cmake: 2.5.2 (/opt/ros/jazzy/share/ament_cmake/cmake)
[0.419s] -- Found Python3: /usr/bin/python3 (found version "3.12.3") found components: Interpreter 
[0.505s] -- Found ament_lint_auto: 0.17.1 (/opt/ros/jazzy/share/ament_lint_auto/cmake)
[0.604s] -- Added test 'cppcheck' to perform static code analysis on C / C++ code
[0.604s] -- Configured cppcheck include dirs: 
[0.604s] -- Configured cppcheck exclude dirs and/or files: 
[0.605s] -- Added test 'flake8' to check Python code syntax and style conventions
[0.605s] -- Configured 'flake8' exclude dirs and/or files: 
[0.607s] -- Added test 'lint_cmake' to check CMake code style
[0.607s] -- Added test 'pep257' to check Python code against some of the docstring style conventions in PEP 257
[0.610s] -- Added test 'uncrustify' to check C / C++ code style
[0.611s] -- Configured uncrustify additional arguments: 
[0.611s] -- Added test 'xmllint' to check XML markup files
[0.612s] -- Configuring done (0.6s)
[0.614s] -- Generating done (0.0s)
[0.615s] -- Build files have been written to: /home/jlegarrec/Documents/pfr_sim/differential_drive_robot/build/differential_drive_robot
[0.619s] Invoked command in '/home/jlegarrec/Documents/pfr_sim/differential_drive_robot/build/differential_drive_robot' returned '0': CMAKE_PREFIX_PATH=${CMAKE_PREFIX_PATH}:/opt/ros/jazzy DEBUGINFOD_URLS=https://debuginfod.ubuntu.com /usr/bin/cmake /home/jlegarrec/Documents/pfr_sim/differential_drive_robot -DCMAKE_INSTALL_PREFIX=/home/jlegarrec/Documents/pfr_sim/differential_drive_robot/install/differential_drive_robot
[0.619s] Invoking command in '/home/jlegarrec/Documents/pfr_sim/differential_drive_robot/build/differential_drive_robot': CMAKE_PREFIX_PATH=${CMAKE_PREFIX_PATH}:/opt/ros/jazzy DEBUGINFOD_URLS=https://debuginfod.ubuntu.com /usr/bin/cmake --build /home/jlegarrec/Documents/pfr_sim/differential_drive_robot/build/differential_drive_robot -- -j16 -l16
[0.654s] Invoked command in '/home/jlegarrec/Documents/pfr_sim/differential_drive_robot/build/differential_drive_robot' returned '0': CMAKE_PREFIX_PATH=${CMAKE_PREFIX_PATH}:/opt/ros/jazzy DEBUGINFOD_URLS=https://debuginfod.ubuntu.com /usr/bin/cmake --build /home/jlegarrec/Documents/pfr_sim/differential_drive_robot/build/differential_drive_robot -- -j16 -l16
[0.681s] Invoking command in '/home/jlegarrec/Documents/pfr_sim/differential_drive_robot/build/differential_drive_robot': CMAKE_PREFIX_PATH=${CMAKE_PREFIX_PATH}:/opt/ros/jazzy DEBUGINFOD_URLS=https://debuginfod.ubuntu.com /usr/bin/cmake --install /home/jlegarrec/Documents/pfr_sim/differential_drive_robot/build/differential_drive_robot
[0.687s] -- Install configuration: ""
[0.687s] -- Installing: /home/jlegarrec/Documents/pfr_sim/differential_drive_robot/install/differential_drive_robot/share/differential_drive_robot/launch
[0.688s] -- Installing: /home/jlegarrec/Documents/pfr_sim/differential_drive_robot/install/differential_drive_robot/share/differential_drive_robot/launch/robot.launch (Copy).py
[0.688s] -- Installing: /home/jlegarrec/Documents/pfr_sim/differential_drive_robot/install/differential_drive_robot/share/differential_drive_robot/launch/robot.launch.py
[0.688s] -- Installing: /home/jlegarrec/Documents/pfr_sim/differential_drive_robot/install/differential_drive_robot/share/differential_drive_robot/model
[0.688s] -- Installing: /home/jlegarrec/Documents/pfr_sim/differential_drive_robot/install/differential_drive_robot/share/differential_drive_robot/model/Test
[0.688s] -- Installing: /home/jlegarrec/Documents/pfr_sim/differential_drive_robot/install/differential_drive_robot/share/differential_drive_robot/model/Test/robot.xacro
[0.688s] -- Installing: /home/jlegarrec/Documents/pfr_sim/differential_drive_robot/install/differential_drive_robot/share/differential_drive_robot/model/pfr_urdf (Copy).urdf
[0.688s] -- Installing: /home/jlegarrec/Documents/pfr_sim/differential_drive_robot/install/differential_drive_robot/share/differential_drive_robot/model/meshes
[0.688s] -- Installing: /home/jlegarrec/Documents/pfr_sim/differential_drive_robot/install/differential_drive_robot/share/differential_drive_robot/model/meshes/acorn_frame.stl
[0.700s] -- Installing: /home/jlegarrec/Documents/pfr_sim/differential_drive_robot/install/differential_drive_robot/share/differential_drive_robot/model/meshes/fork_assembly.stl
[0.701s] -- Installing: /home/jlegarrec/Documents/pfr_sim/differential_drive_robot/install/differential_drive_robot/share/differential_drive_robot/model/meshes/wheel_assembly.stl
[0.702s] -- Installing: /home/jlegarrec/Documents/pfr_sim/differential_drive_robot/install/differential_drive_robot/share/differential_drive_robot/model/meshes/acorn_wheel.stl
[0.703s] -- Installing: /home/jlegarrec/Documents/pfr_sim/differential_drive_robot/install/differential_drive_robot/share/differential_drive_robot/model/meshes/acorn_fork.stl
[0.711s] -- Installing: /home/jlegarrec/Documents/pfr_sim/differential_drive_robot/install/differential_drive_robot/share/differential_drive_robot/model/meshes/acorn_frame2.stl
[0.723s] -- Installing: /home/jlegarrec/Documents/pfr_sim/differential_drive_robot/install/differential_drive_robot/share/differential_drive_robot/model/meshes/frame_assembly.stl
[0.724s] -- Installing: /home/jlegarrec/Documents/pfr_sim/differential_drive_robot/install/differential_drive_robot/share/differential_drive_robot/model/meshes/acorn_whee2.stl
[0.724s] -- Installing: /home/jlegarrec/Documents/pfr_sim/differential_drive_robot/install/differential_drive_robot/share/differential_drive_robot/model/robot (Copy).xacro
[0.724s] -- Installing: /home/jlegarrec/Documents/pfr_sim/differential_drive_robot/install/differential_drive_robot/share/differential_drive_robot/model/pfr_urdf.urdf
[0.724s] -- Installing: /home/jlegarrec/Documents/pfr_sim/differential_drive_robot/install/differential_drive_robot/share/differential_drive_robot/model/robot.xacro
[0.724s] -- Installing: /home/jlegarrec/Documents/pfr_sim/differential_drive_robot/install/differential_drive_robot/share/differential_drive_robot/config
[0.724s] -- Installing: /home/jlegarrec/Documents/pfr_sim/differential_drive_robot/install/differential_drive_robot/share/differential_drive_robot/config/gz_bridge.yaml
[0.724s] -- Installing: /home/jlegarrec/Documents/pfr_sim/differential_drive_robot/install/differential_drive_robot/share/differential_drive_robot/worlds
[0.725s] -- Installing: /home/jlegarrec/Documents/pfr_sim/differential_drive_robot/install/differential_drive_robot/share/differential_drive_robot/worlds/sonoma_raceway.world
[0.725s] -- Installing: /home/jlegarrec/Documents/pfr_sim/differential_drive_robot/install/differential_drive_robot/share/differential_drive_robot/worlds/chats.world
[0.725s] -- Installing: /home/jlegarrec/Documents/pfr_sim/differential_drive_robot/install/differential_drive_robot/share/ament_index/resource_index/package_run_dependencies/differential_drive_robot
[0.725s] -- Installing: /home/jlegarrec/Documents/pfr_sim/differential_drive_robot/install/differential_drive_robot/share/ament_index/resource_index/parent_prefix_path/differential_drive_robot
[0.725s] -- Installing: /home/jlegarrec/Documents/pfr_sim/differential_drive_robot/install/differential_drive_robot/share/differential_drive_robot/environment/ament_prefix_path.sh
[0.725s] -- Installing: /home/jlegarrec/Documents/pfr_sim/differential_drive_robot/install/differential_drive_robot/share/differential_drive_robot/environment/ament_prefix_path.dsv
[0.725s] -- Installing: /home/jlegarrec/Documents/pfr_sim/differential_drive_robot/install/differential_drive_robot/share/differential_drive_robot/environment/path.sh
[0.725s] -- Installing: /home/jlegarrec/Documents/pfr_sim/differential_drive_robot/install/differential_drive_robot/share/differential_drive_robot/environment/path.dsv
[0.725s] -- Installing: /home/jlegarrec/Documents/pfr_sim/differential_drive_robot/install/differential_drive_robot/share/differential_drive_robot/local_setup.bash
[0.725s] -- Installing: /home/jlegarrec/Documents/pfr_sim/differential_drive_robot/install/differential_drive_robot/share/differential_drive_robot/local_setup.sh
[0.725s] -- Installing: /home/jlegarrec/Documents/pfr_sim/differential_drive_robot/install/differential_drive_robot/share/differential_drive_robot/local_setup.zsh
[0.725s] -- Installing: /home/jlegarrec/Documents/pfr_sim/differential_drive_robot/install/differential_drive_robot/share/differential_drive_robot/local_setup.dsv
[0.726s] -- Installing: /home/jlegarrec/Documents/pfr_sim/differential_drive_robot/install/differential_drive_robot/share/differential_drive_robot/package.dsv
[0.726s] -- Installing: /home/jlegarrec/Documents/pfr_sim/differential_drive_robot/install/differential_drive_robot/share/ament_index/resource_index/packages/differential_drive_robot
[0.726s] -- Installing: /home/jlegarrec/Documents/pfr_sim/differential_drive_robot/install/differential_drive_robot/share/differential_drive_robot/cmake/differential_drive_robotConfig.cmake
[0.726s] -- Installing: /home/jlegarrec/Documents/pfr_sim/differential_drive_robot/install/differential_drive_robot/share/differential_drive_robot/cmake/differential_drive_robotConfig-version.cmake
[0.726s] -- Installing: /home/jlegarrec/Documents/pfr_sim/differential_drive_robot/install/differential_drive_robot/share/differential_drive_robot/package.xml
[0.727s] Invoked command in '/home/jlegarrec/Documents/pfr_sim/differential_drive_robot/build/differential_drive_robot' returned '0': CMAKE_PREFIX_PATH=${CMAKE_PREFIX_PATH}:/opt/ros/jazzy DEBUGINFOD_URLS=https://debuginfod.ubuntu.com /usr/bin/cmake --install /home/jlegarrec/Documents/pfr_sim/differential_drive_robot/build/differential_drive_robot
