[0.007s] Invoking command in '/home/jlegarrec/Documents/pfr_sim/pfr_urdf_ws/build/pfr_urdf_ws': CMAKE_PREFIX_PATH=${CMAKE_PREFIX_PATH}:/opt/ros/jazzy DEBUGINFOD_URLS=https://debuginfod.ubuntu.com /usr/bin/cmake /home/jlegarrec/Documents/pfr_sim/pfr_urdf_ws -DCMAKE_INSTALL_PREFIX=/home/jlegarrec/Documents/pfr_sim/pfr_urdf_ws/install/pfr_urdf_ws
[0.055s] -- The C compiler identification is GNU 13.2.0
[0.096s] -- The CXX compiler identification is GNU 13.2.0
[0.111s] -- Detecting C compiler ABI info
[0.194s] -- Detecting C compiler ABI info - done
[0.200s] -- Check for working C compiler: /usr/bin/cc - skipped
[0.201s] -- Detecting C compile features
[0.201s] -- Detecting C compile features - done
[0.209s] -- Detecting CXX compiler ABI info
[0.298s] -- Detecting CXX compiler ABI info - done
[0.306s] -- Check for working CXX compiler: /usr/bin/c++ - skipped
[0.306s] -- Detecting CXX compile features
[0.306s] -- Detecting CXX compile features - done
[0.309s] -- Found ament_cmake: 2.5.2 (/opt/ros/jazzy/share/ament_cmake/cmake)
[0.406s] -- Found Python3: /usr/bin/python3 (found version "3.12.3") found components: Interpreter 
[0.479s] -- Found ament_lint_auto: 0.17.1 (/opt/ros/jazzy/share/ament_lint_auto/cmake)
[0.548s] -- Added test 'cppcheck' to perform static code analysis on C / C++ code
[0.549s] -- Configured cppcheck include dirs: 
[0.549s] -- Configured cppcheck exclude dirs and/or files: 
[0.549s] -- Added test 'flake8' to check Python code syntax and style conventions
[0.549s] -- Configured 'flake8' exclude dirs and/or files: 
[0.550s] -- Added test 'lint_cmake' to check CMake code style
[0.551s] -- Added test 'pep257' to check Python code against some of the docstring style conventions in PEP 257
[0.553s] -- Added test 'uncrustify' to check C / C++ code style
[0.553s] -- Configured uncrustify additional arguments: 
[0.553s] -- Added test 'xmllint' to check XML markup files
[0.554s] -- Configuring done (0.5s)
[0.556s] -- Generating done (0.0s)
[0.556s] -- Build files have been written to: /home/jlegarrec/Documents/pfr_sim/pfr_urdf_ws/build/pfr_urdf_ws
[0.559s] Invoked command in '/home/jlegarrec/Documents/pfr_sim/pfr_urdf_ws/build/pfr_urdf_ws' returned '0': CMAKE_PREFIX_PATH=${CMAKE_PREFIX_PATH}:/opt/ros/jazzy DEBUGINFOD_URLS=https://debuginfod.ubuntu.com /usr/bin/cmake /home/jlegarrec/Documents/pfr_sim/pfr_urdf_ws -DCMAKE_INSTALL_PREFIX=/home/jlegarrec/Documents/pfr_sim/pfr_urdf_ws/install/pfr_urdf_ws
[0.560s] Invoking command in '/home/jlegarrec/Documents/pfr_sim/pfr_urdf_ws/build/pfr_urdf_ws': CMAKE_PREFIX_PATH=${CMAKE_PREFIX_PATH}:/opt/ros/jazzy DEBUGINFOD_URLS=https://debuginfod.ubuntu.com /usr/bin/cmake --build /home/jlegarrec/Documents/pfr_sim/pfr_urdf_ws/build/pfr_urdf_ws -- -j16 -l16
[0.589s] Invoked command in '/home/jlegarrec/Documents/pfr_sim/pfr_urdf_ws/build/pfr_urdf_ws' returned '0': CMAKE_PREFIX_PATH=${CMAKE_PREFIX_PATH}:/opt/ros/jazzy DEBUGINFOD_URLS=https://debuginfod.ubuntu.com /usr/bin/cmake --build /home/jlegarrec/Documents/pfr_sim/pfr_urdf_ws/build/pfr_urdf_ws -- -j16 -l16
[0.613s] Invoking command in '/home/jlegarrec/Documents/pfr_sim/pfr_urdf_ws/build/pfr_urdf_ws': CMAKE_PREFIX_PATH=${CMAKE_PREFIX_PATH}:/opt/ros/jazzy DEBUGINFOD_URLS=https://debuginfod.ubuntu.com /usr/bin/cmake --install /home/jlegarrec/Documents/pfr_sim/pfr_urdf_ws/build/pfr_urdf_ws
[0.620s] -- Install configuration: ""
[0.620s] -- Installing: /home/jlegarrec/Documents/pfr_sim/pfr_urdf_ws/install/pfr_urdf_ws/share/pfr_urdf_ws/src
[0.620s] -- Installing: /home/jlegarrec/Documents/pfr_sim/pfr_urdf_ws/install/pfr_urdf_ws/share/pfr_urdf_ws/src/urdf
[0.620s] -- Installing: /home/jlegarrec/Documents/pfr_sim/pfr_urdf_ws/install/pfr_urdf_ws/share/pfr_urdf_ws/src/urdf/meshes
[0.620s] -- Installing: /home/jlegarrec/Documents/pfr_sim/pfr_urdf_ws/install/pfr_urdf_ws/share/pfr_urdf_ws/src/urdf/meshes/acorn_frame.stl
[0.649s] -- Installing: /home/jlegarrec/Documents/pfr_sim/pfr_urdf_ws/install/pfr_urdf_ws/share/pfr_urdf_ws/src/urdf/meshes/fork_assembly.stl
[0.652s] -- Installing: /home/jlegarrec/Documents/pfr_sim/pfr_urdf_ws/install/pfr_urdf_ws/share/pfr_urdf_ws/src/urdf/meshes/wheel_assembly.stl
[0.655s] -- Installing: /home/jlegarrec/Documents/pfr_sim/pfr_urdf_ws/install/pfr_urdf_ws/share/pfr_urdf_ws/src/urdf/meshes/acorn_wheel.stl
[0.657s] -- Installing: /home/jlegarrec/Documents/pfr_sim/pfr_urdf_ws/install/pfr_urdf_ws/share/pfr_urdf_ws/src/urdf/meshes/acorn_fork.stl
[0.676s] -- Installing: /home/jlegarrec/Documents/pfr_sim/pfr_urdf_ws/install/pfr_urdf_ws/share/pfr_urdf_ws/src/urdf/meshes/acorn_frame2.stl
[0.704s] -- Installing: /home/jlegarrec/Documents/pfr_sim/pfr_urdf_ws/install/pfr_urdf_ws/share/pfr_urdf_ws/src/urdf/meshes/frame_assembly.stl
[0.707s] -- Installing: /home/jlegarrec/Documents/pfr_sim/pfr_urdf_ws/install/pfr_urdf_ws/share/pfr_urdf_ws/src/urdf/meshes/acorn_whee2.stl
[0.708s] -- Installing: /home/jlegarrec/Documents/pfr_sim/pfr_urdf_ws/install/pfr_urdf_ws/share/pfr_urdf_ws/src/urdf/pfr_urdf.urdf
[0.708s] -- Installing: /home/jlegarrec/Documents/pfr_sim/pfr_urdf_ws/install/pfr_urdf_ws/share/pfr_urdf_ws/launch
[0.708s] -- Installing: /home/jlegarrec/Documents/pfr_sim/pfr_urdf_ws/install/pfr_urdf_ws/share/pfr_urdf_ws/launch/display.launch.py
[0.708s] -- Installing: /home/jlegarrec/Documents/pfr_sim/pfr_urdf_ws/install/pfr_urdf_ws/share/pfr_urdf_ws/rviz
[0.708s] -- Installing: /home/jlegarrec/Documents/pfr_sim/pfr_urdf_ws/install/pfr_urdf_ws/share/pfr_urdf_ws/rviz/urdf_config1.rviz
[0.708s] -- Installing: /home/jlegarrec/Documents/pfr_sim/pfr_urdf_ws/install/pfr_urdf_ws/share/pfr_urdf_ws/rviz/urdf_config.rviz
[0.708s] -- Installing: /home/jlegarrec/Documents/pfr_sim/pfr_urdf_ws/install/pfr_urdf_ws/share/ament_index/resource_index/package_run_dependencies/pfr_urdf_ws
[0.709s] -- Installing: /home/jlegarrec/Documents/pfr_sim/pfr_urdf_ws/install/pfr_urdf_ws/share/ament_index/resource_index/parent_prefix_path/pfr_urdf_ws
[0.709s] -- Installing: /home/jlegarrec/Documents/pfr_sim/pfr_urdf_ws/install/pfr_urdf_ws/share/pfr_urdf_ws/environment/ament_prefix_path.sh
[0.709s] -- Installing: /home/jlegarrec/Documents/pfr_sim/pfr_urdf_ws/install/pfr_urdf_ws/share/pfr_urdf_ws/environment/ament_prefix_path.dsv
[0.709s] -- Installing: /home/jlegarrec/Documents/pfr_sim/pfr_urdf_ws/install/pfr_urdf_ws/share/pfr_urdf_ws/environment/path.sh
[0.709s] -- Installing: /home/jlegarrec/Documents/pfr_sim/pfr_urdf_ws/install/pfr_urdf_ws/share/pfr_urdf_ws/environment/path.dsv
[0.709s] -- Installing: /home/jlegarrec/Documents/pfr_sim/pfr_urdf_ws/install/pfr_urdf_ws/share/pfr_urdf_ws/local_setup.bash
[0.709s] -- Installing: /home/jlegarrec/Documents/pfr_sim/pfr_urdf_ws/install/pfr_urdf_ws/share/pfr_urdf_ws/local_setup.sh
[0.709s] -- Installing: /home/jlegarrec/Documents/pfr_sim/pfr_urdf_ws/install/pfr_urdf_ws/share/pfr_urdf_ws/local_setup.zsh
[0.709s] -- Installing: /home/jlegarrec/Documents/pfr_sim/pfr_urdf_ws/install/pfr_urdf_ws/share/pfr_urdf_ws/local_setup.dsv
[0.709s] -- Installing: /home/jlegarrec/Documents/pfr_sim/pfr_urdf_ws/install/pfr_urdf_ws/share/pfr_urdf_ws/package.dsv
[0.709s] -- Installing: /home/jlegarrec/Documents/pfr_sim/pfr_urdf_ws/install/pfr_urdf_ws/share/ament_index/resource_index/packages/pfr_urdf_ws
[0.709s] -- Installing: /home/jlegarrec/Documents/pfr_sim/pfr_urdf_ws/install/pfr_urdf_ws/share/pfr_urdf_ws/cmake/pfr_urdf_wsConfig.cmake
[0.709s] -- Installing: /home/jlegarrec/Documents/pfr_sim/pfr_urdf_ws/install/pfr_urdf_ws/share/pfr_urdf_ws/cmake/pfr_urdf_wsConfig-version.cmake
[0.709s] -- Installing: /home/jlegarrec/Documents/pfr_sim/pfr_urdf_ws/install/pfr_urdf_ws/share/pfr_urdf_ws/package.xml
[0.711s] Invoked command in '/home/jlegarrec/Documents/pfr_sim/pfr_urdf_ws/build/pfr_urdf_ws' returned '0': CMAKE_PREFIX_PATH=${CMAKE_PREFIX_PATH}:/opt/ros/jazzy DEBUGINFOD_URLS=https://debuginfod.ubuntu.com /usr/bin/cmake --install /home/jlegarrec/Documents/pfr_sim/pfr_urdf_ws/build/pfr_urdf_ws
