-- Install configuration: ""
-- Up-to-date: /home/jlegarrec/Documents/pfr_sim/differential_drive_robot/install/differential_drive_robot/share/differential_drive_robot/launch
-- Up-to-date: /home/jlegarrec/Documents/pfr_sim/differential_drive_robot/install/differential_drive_robot/share/differential_drive_robot/launch/robot.launch (Copy).py
-- Installing: /home/jlegarrec/Documents/pfr_sim/differential_drive_robot/install/differential_drive_robot/share/differential_drive_robot/launch/robot.launch.py
-- Up-to-date: /home/jlegarrec/Documents/pfr_sim/differential_drive_robot/install/differential_drive_robot/share/differential_drive_robot/model
-- Up-to-date: /home/jlegarrec/Documents/pfr_sim/differential_drive_robot/install/differential_drive_robot/share/differential_drive_robot/model/Test
-- Up-to-date: /home/jlegarrec/Documents/pfr_sim/differential_drive_robot/install/differential_drive_robot/share/differential_drive_robot/model/Test/robot.xacro
-- Up-to-date: /home/jlegarrec/Documents/pfr_sim/differential_drive_robot/install/differential_drive_robot/share/differential_drive_robot/model/pfr_urdf (Copy).urdf
-- Up-to-date: /home/jlegarrec/Documents/pfr_sim/differential_drive_robot/install/differential_drive_robot/share/differential_drive_robot/model/meshes
-- Up-to-date: /home/jlegarrec/Documents/pfr_sim/differential_drive_robot/install/differential_drive_robot/share/differential_drive_robot/model/meshes/acorn_frame.stl
-- Up-to-date: /home/jlegarrec/Documents/pfr_sim/differential_drive_robot/install/differential_drive_robot/share/differential_drive_robot/model/meshes/fork_assembly.stl
-- Up-to-date: /home/jlegarrec/Documents/pfr_sim/differential_drive_robot/install/differential_drive_robot/share/differential_drive_robot/model/meshes/wheel_assembly.stl
-- Up-to-date: /home/jlegarrec/Documents/pfr_sim/differential_drive_robot/install/differential_drive_robot/share/differential_drive_robot/model/meshes/acorn_wheel.stl
-- Up-to-date: /home/jlegarrec/Documents/pfr_sim/differential_drive_robot/install/differential_drive_robot/share/differential_drive_robot/model/meshes/acorn_fork.stl
-- Up-to-date: /home/jlegarrec/Documents/pfr_sim/differential_drive_robot/install/differential_drive_robot/share/differential_drive_robot/model/meshes/acorn_frame2.stl
-- Up-to-date: /home/jlegarrec/Documents/pfr_sim/differential_drive_robot/install/differential_drive_robot/share/differential_drive_robot/model/meshes/frame_assembly.stl
-- Up-to-date: /home/jlegarrec/Documents/pfr_sim/differential_drive_robot/install/differential_drive_robot/share/differential_drive_robot/model/meshes/acorn_whee2.stl
-- Up-to-date: /home/jlegarrec/Documents/pfr_sim/differential_drive_robot/install/differential_drive_robot/share/differential_drive_robot/model/robot (Copy).xacro
-- Up-to-date: /home/jlegarrec/Documents/pfr_sim/differential_drive_robot/install/differential_drive_robot/share/differential_drive_robot/model/pfr_urdf.urdf
-- Installing: /home/jlegarrec/Documents/pfr_sim/differential_drive_robot/install/differential_drive_robot/share/differential_drive_robot/model/robot.xacro
-- Up-to-date: /home/jlegarrec/Documents/pfr_sim/differential_drive_robot/install/differential_drive_robot/share/differential_drive_robot/config
-- Up-to-date: /home/jlegarrec/Documents/pfr_sim/differential_drive_robot/install/differential_drive_robot/share/differential_drive_robot/config/gz_bridge.yaml
-- Up-to-date: /home/jlegarrec/Documents/pfr_sim/differential_drive_robot/install/differential_drive_robot/share/differential_drive_robot/worlds
-- Up-to-date: /home/jlegarrec/Documents/pfr_sim/differential_drive_robot/install/differential_drive_robot/share/differential_drive_robot/worlds/sonoma_raceway.world
-- Up-to-date: /home/jlegarrec/Documents/pfr_sim/differential_drive_robot/install/differential_drive_robot/share/differential_drive_robot/worlds/chats.world
-- Up-to-date: /home/jlegarrec/Documents/pfr_sim/differential_drive_robot/install/differential_drive_robot/share/ament_index/resource_index/package_run_dependencies/differential_drive_robot
-- Up-to-date: /home/jlegarrec/Documents/pfr_sim/differential_drive_robot/install/differential_drive_robot/share/ament_index/resource_index/parent_prefix_path/differential_drive_robot
-- Up-to-date: /home/jlegarrec/Documents/pfr_sim/differential_drive_robot/install/differential_drive_robot/share/differential_drive_robot/environment/ament_prefix_path.sh
-- Up-to-date: /home/jlegarrec/Documents/pfr_sim/differential_drive_robot/install/differential_drive_robot/share/differential_drive_robot/environment/ament_prefix_path.dsv
-- Up-to-date: /home/jlegarrec/Documents/pfr_sim/differential_drive_robot/install/differential_drive_robot/share/differential_drive_robot/environment/path.sh
-- Up-to-date: /home/jlegarrec/Documents/pfr_sim/differential_drive_robot/install/differential_drive_robot/share/differential_drive_robot/environment/path.dsv
-- Up-to-date: /home/jlegarrec/Documents/pfr_sim/differential_drive_robot/install/differential_drive_robot/share/differential_drive_robot/local_setup.bash
-- Up-to-date: /home/jlegarrec/Documents/pfr_sim/differential_drive_robot/install/differential_drive_robot/share/differential_drive_robot/local_setup.sh
-- Up-to-date: /home/jlegarrec/Documents/pfr_sim/differential_drive_robot/install/differential_drive_robot/share/differential_drive_robot/local_setup.zsh
-- Up-to-date: /home/jlegarrec/Documents/pfr_sim/differential_drive_robot/install/differential_drive_robot/share/differential_drive_robot/local_setup.dsv
-- Installing: /home/jlegarrec/Documents/pfr_sim/differential_drive_robot/install/differential_drive_robot/share/differential_drive_robot/package.dsv
-- Up-to-date: /home/jlegarrec/Documents/pfr_sim/differential_drive_robot/install/differential_drive_robot/share/ament_index/resource_index/packages/differential_drive_robot
-- Up-to-date: /home/jlegarrec/Documents/pfr_sim/differential_drive_robot/install/differential_drive_robot/share/differential_drive_robot/cmake/differential_drive_robotConfig.cmake
-- Up-to-date: /home/jlegarrec/Documents/pfr_sim/differential_drive_robot/install/differential_drive_robot/share/differential_drive_robot/cmake/differential_drive_robotConfig-version.cmake
-- Up-to-date: /home/jlegarrec/Documents/pfr_sim/differential_drive_robot/install/differential_drive_robot/share/differential_drive_robot/package.xml
