[0.007s] Invoking command in '/home/jlegarrec/Documents/pfr_sim/pfr_urdf_ws/build/pfr_urdf_ws': CMAKE_PREFIX_PATH=${CMAKE_PREFIX_PATH}:/opt/ros/jazzy DEBUGINFOD_URLS=https://debuginfod.ubuntu.com /usr/bin/cmake --build /home/jlegarrec/Documents/pfr_sim/pfr_urdf_ws/build/pfr_urdf_ws -- -j16 -l16
[0.035s] Invoked command in '/home/jlegarrec/Documents/pfr_sim/pfr_urdf_ws/build/pfr_urdf_ws' returned '0': CMAKE_PREFIX_PATH=${CMAKE_PREFIX_PATH}:/opt/ros/jazzy DEBUGINFOD_URLS=https://debuginfod.ubuntu.com /usr/bin/cmake --build /home/jlegarrec/Documents/pfr_sim/pfr_urdf_ws/build/pfr_urdf_ws -- -j16 -l16
[0.057s] Invoking command in '/home/jlegarrec/Documents/pfr_sim/pfr_urdf_ws/build/pfr_urdf_ws': CMAKE_PREFIX_PATH=${CMAKE_PREFIX_PATH}:/opt/ros/jazzy DEBUGINFOD_URLS=https://debuginfod.ubuntu.com /usr/bin/cmake --install /home/jlegarrec/Documents/pfr_sim/pfr_urdf_ws/build/pfr_urdf_ws
[0.063s] -- Install configuration: ""
[0.063s] -- Up-to-date: /home/jlegarrec/Documents/pfr_sim/pfr_urdf_ws/install/pfr_urdf_ws/share/pfr_urdf_ws/src
[0.063s] -- Up-to-date: /home/jlegarrec/Documents/pfr_sim/pfr_urdf_ws/install/pfr_urdf_ws/share/pfr_urdf_ws/src/urdf
[0.063s] -- Up-to-date: /home/jlegarrec/Documents/pfr_sim/pfr_urdf_ws/install/pfr_urdf_ws/share/pfr_urdf_ws/src/urdf/meshes
[0.063s] -- Up-to-date: /home/jlegarrec/Documents/pfr_sim/pfr_urdf_ws/install/pfr_urdf_ws/share/pfr_urdf_ws/src/urdf/meshes/acorn_frame.stl
[0.063s] -- Up-to-date: /home/jlegarrec/Documents/pfr_sim/pfr_urdf_ws/install/pfr_urdf_ws/share/pfr_urdf_ws/src/urdf/meshes/fork_assembly.stl
[0.063s] -- Up-to-date: /home/jlegarrec/Documents/pfr_sim/pfr_urdf_ws/install/pfr_urdf_ws/share/pfr_urdf_ws/src/urdf/meshes/wheel_assembly.stl
[0.063s] -- Up-to-date: /home/jlegarrec/Documents/pfr_sim/pfr_urdf_ws/install/pfr_urdf_ws/share/pfr_urdf_ws/src/urdf/meshes/acorn_wheel.stl
[0.063s] -- Up-to-date: /home/jlegarrec/Documents/pfr_sim/pfr_urdf_ws/install/pfr_urdf_ws/share/pfr_urdf_ws/src/urdf/meshes/acorn_fork.stl
[0.064s] -- Up-to-date: /home/jlegarrec/Documents/pfr_sim/pfr_urdf_ws/install/pfr_urdf_ws/share/pfr_urdf_ws/src/urdf/meshes/acorn_frame2.stl
[0.064s] -- Up-to-date: /home/jlegarrec/Documents/pfr_sim/pfr_urdf_ws/install/pfr_urdf_ws/share/pfr_urdf_ws/src/urdf/meshes/frame_assembly.stl
[0.064s] -- Up-to-date: /home/jlegarrec/Documents/pfr_sim/pfr_urdf_ws/install/pfr_urdf_ws/share/pfr_urdf_ws/src/urdf/meshes/acorn_whee2.stl
[0.064s] -- Up-to-date: /home/jlegarrec/Documents/pfr_sim/pfr_urdf_ws/install/pfr_urdf_ws/share/pfr_urdf_ws/src/urdf/pfr_urdf.urdf
[0.064s] -- Up-to-date: /home/jlegarrec/Documents/pfr_sim/pfr_urdf_ws/install/pfr_urdf_ws/share/pfr_urdf_ws/launch
[0.064s] -- Installing: /home/jlegarrec/Documents/pfr_sim/pfr_urdf_ws/install/pfr_urdf_ws/share/pfr_urdf_ws/launch/display.launch.py
[0.064s] -- Up-to-date: /home/jlegarrec/Documents/pfr_sim/pfr_urdf_ws/install/pfr_urdf_ws/share/pfr_urdf_ws/rviz
[0.064s] -- Up-to-date: /home/jlegarrec/Documents/pfr_sim/pfr_urdf_ws/install/pfr_urdf_ws/share/pfr_urdf_ws/rviz/urdf_config.rviz
[0.064s] -- Up-to-date: /home/jlegarrec/Documents/pfr_sim/pfr_urdf_ws/install/pfr_urdf_ws/share/ament_index/resource_index/package_run_dependencies/pfr_urdf_ws
[0.064s] -- Up-to-date: /home/jlegarrec/Documents/pfr_sim/pfr_urdf_ws/install/pfr_urdf_ws/share/ament_index/resource_index/parent_prefix_path/pfr_urdf_ws
[0.064s] -- Up-to-date: /home/jlegarrec/Documents/pfr_sim/pfr_urdf_ws/install/pfr_urdf_ws/share/pfr_urdf_ws/environment/ament_prefix_path.sh
[0.064s] -- Up-to-date: /home/jlegarrec/Documents/pfr_sim/pfr_urdf_ws/install/pfr_urdf_ws/share/pfr_urdf_ws/environment/ament_prefix_path.dsv
[0.064s] -- Up-to-date: /home/jlegarrec/Documents/pfr_sim/pfr_urdf_ws/install/pfr_urdf_ws/share/pfr_urdf_ws/environment/path.sh
[0.064s] -- Up-to-date: /home/jlegarrec/Documents/pfr_sim/pfr_urdf_ws/install/pfr_urdf_ws/share/pfr_urdf_ws/environment/path.dsv
[0.064s] -- Up-to-date: /home/jlegarrec/Documents/pfr_sim/pfr_urdf_ws/install/pfr_urdf_ws/share/pfr_urdf_ws/local_setup.bash
[0.064s] -- Up-to-date: /home/jlegarrec/Documents/pfr_sim/pfr_urdf_ws/install/pfr_urdf_ws/share/pfr_urdf_ws/local_setup.sh
[0.064s] -- Up-to-date: /home/jlegarrec/Documents/pfr_sim/pfr_urdf_ws/install/pfr_urdf_ws/share/pfr_urdf_ws/local_setup.zsh
[0.064s] -- Up-to-date: /home/jlegarrec/Documents/pfr_sim/pfr_urdf_ws/install/pfr_urdf_ws/share/pfr_urdf_ws/local_setup.dsv
[0.064s] -- Installing: /home/jlegarrec/Documents/pfr_sim/pfr_urdf_ws/install/pfr_urdf_ws/share/pfr_urdf_ws/package.dsv
[0.064s] -- Up-to-date: /home/jlegarrec/Documents/pfr_sim/pfr_urdf_ws/install/pfr_urdf_ws/share/ament_index/resource_index/packages/pfr_urdf_ws
[0.064s] -- Up-to-date: /home/jlegarrec/Documents/pfr_sim/pfr_urdf_ws/install/pfr_urdf_ws/share/pfr_urdf_ws/cmake/pfr_urdf_wsConfig.cmake
[0.064s] -- Up-to-date: /home/jlegarrec/Documents/pfr_sim/pfr_urdf_ws/install/pfr_urdf_ws/share/pfr_urdf_ws/cmake/pfr_urdf_wsConfig-version.cmake
[0.064s] -- Up-to-date: /home/jlegarrec/Documents/pfr_sim/pfr_urdf_ws/install/pfr_urdf_ws/share/pfr_urdf_ws/package.xml
[0.065s] Invoked command in '/home/jlegarrec/Documents/pfr_sim/pfr_urdf_ws/build/pfr_urdf_ws' returned '0': CMAKE_PREFIX_PATH=${CMAKE_PREFIX_PATH}:/opt/ros/jazzy DEBUGINFOD_URLS=https://debuginfod.ubuntu.com /usr/bin/cmake --install /home/jlegarrec/Documents/pfr_sim/pfr_urdf_ws/build/pfr_urdf_ws
