[0.006s] Invoking command in '/home/jlegarrec/Documents/pfr_sim/pfr_urdf_ws/build/pfr_urdf_ws': CMAKE_PREFIX_PATH=${CMAKE_PREFIX_PATH}:/opt/ros/jazzy DEBUGINFOD_URLS=https://debuginfod.ubuntu.com /usr/bin/cmake /home/jlegarrec/Documents/pfr_sim/pfr_urdf_ws -DCMAKE_INSTALL_PREFIX=/home/jlegarrec/Documents/pfr_sim/pfr_urdf_ws/install/pfr_urdf_ws
[0.056s] -- The C compiler identification is GNU 13.2.0
[0.101s] -- The CXX compiler identification is GNU 13.2.0
[0.116s] -- Detecting C compiler ABI info
[0.201s] -- Detecting C compiler ABI info - done
[0.211s] -- Check for working C compiler: /usr/bin/cc - skipped
[0.211s] -- Detecting C compile features
[0.211s] -- Detecting C compile features - done
[0.218s] -- Detecting CXX compiler ABI info
[0.309s] -- Detecting CXX compiler ABI info - done
[0.315s] -- Check for working CXX compiler: /usr/bin/c++ - skipped
[0.315s] -- Detecting CXX compile features
[0.315s] -- Detecting CXX compile features - done
[0.318s] -- Found ament_cmake: 2.5.2 (/opt/ros/jazzy/share/ament_cmake/cmake)
[0.420s] -- Found Python3: /usr/bin/python3 (found version "3.12.3") found components: Interpreter 
[0.493s] -- Found ament_lint_auto: 0.17.1 (/opt/ros/jazzy/share/ament_lint_auto/cmake)
[0.563s] -- Added test 'cppcheck' to perform static code analysis on C / C++ code
[0.563s] -- Configured cppcheck include dirs: 
[0.563s] -- Configured cppcheck exclude dirs and/or files: 
[0.564s] -- Added test 'flake8' to check Python code syntax and style conventions
[0.564s] -- Configured 'flake8' exclude dirs and/or files: 
[0.565s] -- Added test 'lint_cmake' to check CMake code style
[0.565s] -- Added test 'pep257' to check Python code against some of the docstring style conventions in PEP 257
[0.568s] -- Added test 'uncrustify' to check C / C++ code style
[0.568s] -- Configured uncrustify additional arguments: 
[0.568s] -- Added test 'xmllint' to check XML markup files
[0.569s] -- Configuring done (0.6s)
[0.571s] -- Generating done (0.0s)
[0.571s] -- Build files have been written to: /home/jlegarrec/Documents/pfr_sim/pfr_urdf_ws/build/pfr_urdf_ws
[0.575s] Invoked command in '/home/jlegarrec/Documents/pfr_sim/pfr_urdf_ws/build/pfr_urdf_ws' returned '0': CMAKE_PREFIX_PATH=${CMAKE_PREFIX_PATH}:/opt/ros/jazzy DEBUGINFOD_URLS=https://debuginfod.ubuntu.com /usr/bin/cmake /home/jlegarrec/Documents/pfr_sim/pfr_urdf_ws -DCMAKE_INSTALL_PREFIX=/home/jlegarrec/Documents/pfr_sim/pfr_urdf_ws/install/pfr_urdf_ws
[0.576s] Invoking command in '/home/jlegarrec/Documents/pfr_sim/pfr_urdf_ws/build/pfr_urdf_ws': CMAKE_PREFIX_PATH=${CMAKE_PREFIX_PATH}:/opt/ros/jazzy DEBUGINFOD_URLS=https://debuginfod.ubuntu.com /usr/bin/cmake --build /home/jlegarrec/Documents/pfr_sim/pfr_urdf_ws/build/pfr_urdf_ws -- -j16 -l16
[0.608s] Invoked command in '/home/jlegarrec/Documents/pfr_sim/pfr_urdf_ws/build/pfr_urdf_ws' returned '0': CMAKE_PREFIX_PATH=${CMAKE_PREFIX_PATH}:/opt/ros/jazzy DEBUGINFOD_URLS=https://debuginfod.ubuntu.com /usr/bin/cmake --build /home/jlegarrec/Documents/pfr_sim/pfr_urdf_ws/build/pfr_urdf_ws -- -j16 -l16
[0.639s] Invoking command in '/home/jlegarrec/Documents/pfr_sim/pfr_urdf_ws/build/pfr_urdf_ws': CMAKE_PREFIX_PATH=${CMAKE_PREFIX_PATH}:/opt/ros/jazzy DEBUGINFOD_URLS=https://debuginfod.ubuntu.com /usr/bin/cmake --install /home/jlegarrec/Documents/pfr_sim/pfr_urdf_ws/build/pfr_urdf_ws
[0.647s] -- Install configuration: ""
[0.648s] -- Installing: /home/jlegarrec/Documents/pfr_sim/pfr_urdf_ws/install/pfr_urdf_ws/share/pfr_urdf_ws/src
[0.648s] -- Installing: /home/jlegarrec/Documents/pfr_sim/pfr_urdf_ws/install/pfr_urdf_ws/share/pfr_urdf_ws/src/urdf
[0.648s] -- Installing: /home/jlegarrec/Documents/pfr_sim/pfr_urdf_ws/install/pfr_urdf_ws/share/pfr_urdf_ws/src/urdf/meshes
[0.648s] -- Installing: /home/jlegarrec/Documents/pfr_sim/pfr_urdf_ws/install/pfr_urdf_ws/share/pfr_urdf_ws/src/urdf/meshes/acorn_frame.stl
[0.659s] -- Installing: /home/jlegarrec/Documents/pfr_sim/pfr_urdf_ws/install/pfr_urdf_ws/share/pfr_urdf_ws/src/urdf/meshes/fork_assembly.stl
[0.660s] -- Installing: /home/jlegarrec/Documents/pfr_sim/pfr_urdf_ws/install/pfr_urdf_ws/share/pfr_urdf_ws/src/urdf/meshes/wheel_assembly.stl
[0.661s] -- Installing: /home/jlegarrec/Documents/pfr_sim/pfr_urdf_ws/install/pfr_urdf_ws/share/pfr_urdf_ws/src/urdf/meshes/acorn_wheel.stl
[0.661s] -- Installing: /home/jlegarrec/Documents/pfr_sim/pfr_urdf_ws/install/pfr_urdf_ws/share/pfr_urdf_ws/src/urdf/meshes/acorn_fork.stl
[0.669s] -- Installing: /home/jlegarrec/Documents/pfr_sim/pfr_urdf_ws/install/pfr_urdf_ws/share/pfr_urdf_ws/src/urdf/meshes/acorn_frame2.stl
[0.680s] -- Installing: /home/jlegarrec/Documents/pfr_sim/pfr_urdf_ws/install/pfr_urdf_ws/share/pfr_urdf_ws/src/urdf/meshes/frame_assembly.stl
[0.681s] -- Installing: /home/jlegarrec/Documents/pfr_sim/pfr_urdf_ws/install/pfr_urdf_ws/share/pfr_urdf_ws/src/urdf/meshes/acorn_whee2.stl
[0.681s] -- Installing: /home/jlegarrec/Documents/pfr_sim/pfr_urdf_ws/install/pfr_urdf_ws/share/pfr_urdf_ws/src/urdf/pfr_urdf.urdf
[0.681s] -- Installing: /home/jlegarrec/Documents/pfr_sim/pfr_urdf_ws/install/pfr_urdf_ws/share/pfr_urdf_ws/launch
[0.681s] -- Installing: /home/jlegarrec/Documents/pfr_sim/pfr_urdf_ws/install/pfr_urdf_ws/share/pfr_urdf_ws/launch/display.launch.py
[0.681s] -- Installing: /home/jlegarrec/Documents/pfr_sim/pfr_urdf_ws/install/pfr_urdf_ws/share/pfr_urdf_ws/rviz
[0.681s] -- Installing: /home/jlegarrec/Documents/pfr_sim/pfr_urdf_ws/install/pfr_urdf_ws/share/pfr_urdf_ws/rviz/urdf_config.rviz
[0.681s] -- Installing: /home/jlegarrec/Documents/pfr_sim/pfr_urdf_ws/install/pfr_urdf_ws/share/ament_index/resource_index/package_run_dependencies/pfr_urdf_ws
[0.682s] -- Installing: /home/jlegarrec/Documents/pfr_sim/pfr_urdf_ws/install/pfr_urdf_ws/share/ament_index/resource_index/parent_prefix_path/pfr_urdf_ws
[0.682s] -- Installing: /home/jlegarrec/Documents/pfr_sim/pfr_urdf_ws/install/pfr_urdf_ws/share/pfr_urdf_ws/environment/ament_prefix_path.sh
[0.682s] -- Installing: /home/jlegarrec/Documents/pfr_sim/pfr_urdf_ws/install/pfr_urdf_ws/share/pfr_urdf_ws/environment/ament_prefix_path.dsv
[0.682s] -- Installing: /home/jlegarrec/Documents/pfr_sim/pfr_urdf_ws/install/pfr_urdf_ws/share/pfr_urdf_ws/environment/path.sh
[0.682s] -- Installing: /home/jlegarrec/Documents/pfr_sim/pfr_urdf_ws/install/pfr_urdf_ws/share/pfr_urdf_ws/environment/path.dsv
[0.682s] -- Installing: /home/jlegarrec/Documents/pfr_sim/pfr_urdf_ws/install/pfr_urdf_ws/share/pfr_urdf_ws/local_setup.bash
[0.682s] -- Installing: /home/jlegarrec/Documents/pfr_sim/pfr_urdf_ws/install/pfr_urdf_ws/share/pfr_urdf_ws/local_setup.sh
[0.682s] -- Installing: /home/jlegarrec/Documents/pfr_sim/pfr_urdf_ws/install/pfr_urdf_ws/share/pfr_urdf_ws/local_setup.zsh
[0.682s] -- Installing: /home/jlegarrec/Documents/pfr_sim/pfr_urdf_ws/install/pfr_urdf_ws/share/pfr_urdf_ws/local_setup.dsv
[0.682s] -- Installing: /home/jlegarrec/Documents/pfr_sim/pfr_urdf_ws/install/pfr_urdf_ws/share/pfr_urdf_ws/package.dsv
[0.682s] -- Installing: /home/jlegarrec/Documents/pfr_sim/pfr_urdf_ws/install/pfr_urdf_ws/share/ament_index/resource_index/packages/pfr_urdf_ws
[0.682s] -- Installing: /home/jlegarrec/Documents/pfr_sim/pfr_urdf_ws/install/pfr_urdf_ws/share/pfr_urdf_ws/cmake/pfr_urdf_wsConfig.cmake
[0.682s] -- Installing: /home/jlegarrec/Documents/pfr_sim/pfr_urdf_ws/install/pfr_urdf_ws/share/pfr_urdf_ws/cmake/pfr_urdf_wsConfig-version.cmake
[0.682s] -- Installing: /home/jlegarrec/Documents/pfr_sim/pfr_urdf_ws/install/pfr_urdf_ws/share/pfr_urdf_ws/package.xml
[0.683s] Invoked command in '/home/jlegarrec/Documents/pfr_sim/pfr_urdf_ws/build/pfr_urdf_ws' returned '0': CMAKE_PREFIX_PATH=${CMAKE_PREFIX_PATH}:/opt/ros/jazzy DEBUGINFOD_URLS=https://debuginfod.ubuntu.com /usr/bin/cmake --install /home/jlegarrec/Documents/pfr_sim/pfr_urdf_ws/build/pfr_urdf_ws
