[0.055s] DEBUG:colcon:Command line arguments: ['/usr/bin/colcon', 'build']
[0.055s] DEBUG:colcon:Parsed command line arguments: Namespace(log_base=None, log_level=None, verb_name='build', build_base='build', install_base='install', merge_install=False, symlink_install=False, test_result_base=None, continue_on_error=False, executor='parallel', parallel_workers=16, event_handlers=None, ignore_user_meta=False, metas=['./colcon.meta'], base_paths=['.'], packages_ignore=None, packages_ignore_regex=None, paths=None, packages_up_to=None, packages_up_to_regex=None, packages_above=None, packages_above_and_dependencies=None, packages_above_depth=None, packages_select_by_dep=None, packages_skip_by_dep=None, packages_skip_up_to=None, packages_select_build_failed=False, packages_skip_build_finished=False, packages_select_test_failures=False, packages_skip_test_passed=False, packages_select=None, packages_skip=None, packages_select_regex=None, packages_skip_regex=None, packages_start=None, packages_end=None, allow_overriding=[], cmake_args=None, cmake_target=None, cmake_target_skip_unavailable=False, cmake_clean_cache=False, cmake_clean_first=False, cmake_force_configure=False, ament_cmake_args=None, catkin_cmake_args=None, catkin_skip_building_tests=False, verb_parser=<colcon_defaults.argument_parser.defaults.DefaultArgumentsDecorator object at 0x7e2415180080>, verb_extension=<colcon_core.verb.build.BuildVerb object at 0x7e2415157d40>, main=<bound method BuildVerb.main of <colcon_core.verb.build.BuildVerb object at 0x7e2415157d40>>)
[0.076s] Level 1:colcon.colcon_core.package_discovery:discover_packages(colcon_meta) check parameters
[0.076s] Level 1:colcon.colcon_core.package_discovery:discover_packages(recursive) check parameters
[0.076s] Level 1:colcon.colcon_core.package_discovery:discover_packages(ignore) check parameters
[0.076s] Level 1:colcon.colcon_core.package_discovery:discover_packages(path) check parameters
[0.076s] Level 1:colcon.colcon_core.package_discovery:discover_packages(colcon_meta) discover
[0.076s] Level 1:colcon.colcon_core.package_discovery:discover_packages(recursive) discover
[0.076s] INFO:colcon.colcon_core.package_discovery:Crawling recursively for packages in '/home/jlegarrec/Documents/pfr_sim/pfr_urdf_ws'
[0.076s] Level 1:colcon.colcon_core.package_identification:_identify(.) by extensions ['ignore', 'ignore_ament_install']
[0.076s] Level 1:colcon.colcon_core.package_identification:_identify(.) by extension 'ignore'
[0.076s] Level 1:colcon.colcon_core.package_identification:_identify(.) by extension 'ignore_ament_install'
[0.076s] Level 1:colcon.colcon_core.package_identification:_identify(.) by extensions ['colcon_pkg']
[0.076s] Level 1:colcon.colcon_core.package_identification:_identify(.) by extension 'colcon_pkg'
[0.076s] Level 1:colcon.colcon_core.package_identification:_identify(.) by extensions ['colcon_meta']
[0.076s] Level 1:colcon.colcon_core.package_identification:_identify(.) by extension 'colcon_meta'
[0.076s] Level 1:colcon.colcon_core.package_identification:_identify(.) by extensions ['ros']
[0.076s] Level 1:colcon.colcon_core.package_identification:_identify(.) by extension 'ros'
[0.093s] DEBUG:colcon.colcon_core.package_identification:Package '.' with type 'ros.ament_cmake' and name 'pfr_urdf_ws'
[0.093s] Level 1:colcon.colcon_core.package_discovery:discover_packages(recursive) using defaults
[0.093s] Level 1:colcon.colcon_core.package_discovery:discover_packages(ignore) discover
[0.093s] Level 1:colcon.colcon_core.package_discovery:discover_packages(ignore) using defaults
[0.093s] Level 1:colcon.colcon_core.package_discovery:discover_packages(path) discover
[0.093s] Level 1:colcon.colcon_core.package_discovery:discover_packages(path) using defaults
[0.103s] Level 1:colcon.colcon_core.package_discovery:discover_packages(prefix_path) check parameters
[0.103s] Level 1:colcon.colcon_core.package_discovery:discover_packages(prefix_path) discover
[0.104s] DEBUG:colcon.colcon_installed_package_information.package_discovery:Found 1 installed packages in /home/jlegarrec/Documents/pfr_sim/pfr_urdf_ws/install
[0.104s] DEBUG:colcon.colcon_installed_package_information.package_discovery:Found 1 installed packages in /home/jlegarrec/Documents/sam_bot_description/install
[0.105s] DEBUG:colcon.colcon_installed_package_information.package_discovery:Found 384 installed packages in /opt/ros/jazzy
[0.105s] Level 1:colcon.colcon_core.package_discovery:discover_packages(prefix_path) using defaults
[0.130s] Level 5:colcon.colcon_core.verb:set package 'pfr_urdf_ws' build argument 'cmake_args' from command line to 'None'
[0.130s] Level 5:colcon.colcon_core.verb:set package 'pfr_urdf_ws' build argument 'cmake_target' from command line to 'None'
[0.130s] Level 5:colcon.colcon_core.verb:set package 'pfr_urdf_ws' build argument 'cmake_target_skip_unavailable' from command line to 'False'
[0.130s] Level 5:colcon.colcon_core.verb:set package 'pfr_urdf_ws' build argument 'cmake_clean_cache' from command line to 'False'
[0.130s] Level 5:colcon.colcon_core.verb:set package 'pfr_urdf_ws' build argument 'cmake_clean_first' from command line to 'False'
[0.130s] Level 5:colcon.colcon_core.verb:set package 'pfr_urdf_ws' build argument 'cmake_force_configure' from command line to 'False'
[0.131s] Level 5:colcon.colcon_core.verb:set package 'pfr_urdf_ws' build argument 'ament_cmake_args' from command line to 'None'
[0.131s] Level 5:colcon.colcon_core.verb:set package 'pfr_urdf_ws' build argument 'catkin_cmake_args' from command line to 'None'
[0.131s] Level 5:colcon.colcon_core.verb:set package 'pfr_urdf_ws' build argument 'catkin_skip_building_tests' from command line to 'False'
[0.131s] DEBUG:colcon.colcon_core.verb:Building package 'pfr_urdf_ws' with the following arguments: {'ament_cmake_args': None, 'build_base': '/home/jlegarrec/Documents/pfr_sim/pfr_urdf_ws/build/pfr_urdf_ws', 'catkin_cmake_args': None, 'catkin_skip_building_tests': False, 'cmake_args': None, 'cmake_clean_cache': False, 'cmake_clean_first': False, 'cmake_force_configure': False, 'cmake_target': None, 'cmake_target_skip_unavailable': False, 'install_base': '/home/jlegarrec/Documents/pfr_sim/pfr_urdf_ws/install/pfr_urdf_ws', 'merge_install': False, 'path': '/home/jlegarrec/Documents/pfr_sim/pfr_urdf_ws', 'symlink_install': False, 'test_result_base': None}
[0.131s] INFO:colcon.colcon_core.executor:Executing jobs using 'parallel' executor
[0.131s] DEBUG:colcon.colcon_parallel_executor.executor.parallel:run_until_complete
[0.132s] INFO:colcon.colcon_ros.task.ament_cmake.build:Building ROS package in '/home/jlegarrec/Documents/pfr_sim/pfr_urdf_ws' with build type 'ament_cmake'
[0.132s] INFO:colcon.colcon_cmake.task.cmake.build:Building CMake package in '/home/jlegarrec/Documents/pfr_sim/pfr_urdf_ws'
[0.133s] INFO:colcon.colcon_core.plugin_system:Skipping extension 'colcon_core.shell.bat': Not used on non-Windows systems
[0.133s] INFO:colcon.colcon_core.shell:Skip shell extension 'powershell' for command environment: Not usable outside of PowerShell
[0.133s] DEBUG:colcon.colcon_core.shell:Skip shell extension 'dsv' for command environment
[0.139s] DEBUG:colcon.colcon_core.event_handler.log_command:Invoking command in '/home/jlegarrec/Documents/pfr_sim/pfr_urdf_ws/build/pfr_urdf_ws': CMAKE_PREFIX_PATH=${CMAKE_PREFIX_PATH}:/opt/ros/jazzy DEBUGINFOD_URLS=https://debuginfod.ubuntu.com /usr/bin/cmake --build /home/jlegarrec/Documents/pfr_sim/pfr_urdf_ws/build/pfr_urdf_ws -- -j16 -l16
[0.170s] DEBUG:colcon.colcon_core.event_handler.log_command:Invoked command in '/home/jlegarrec/Documents/pfr_sim/pfr_urdf_ws/build/pfr_urdf_ws' returned '0': CMAKE_PREFIX_PATH=${CMAKE_PREFIX_PATH}:/opt/ros/jazzy DEBUGINFOD_URLS=https://debuginfod.ubuntu.com /usr/bin/cmake --build /home/jlegarrec/Documents/pfr_sim/pfr_urdf_ws/build/pfr_urdf_ws -- -j16 -l16
[0.195s] DEBUG:colcon.colcon_core.event_handler.log_command:Invoking command in '/home/jlegarrec/Documents/pfr_sim/pfr_urdf_ws/build/pfr_urdf_ws': CMAKE_PREFIX_PATH=${CMAKE_PREFIX_PATH}:/opt/ros/jazzy DEBUGINFOD_URLS=https://debuginfod.ubuntu.com /usr/bin/cmake --install /home/jlegarrec/Documents/pfr_sim/pfr_urdf_ws/build/pfr_urdf_ws
[0.202s] Level 1:colcon.colcon_core.environment:create_environment_scripts_only(pfr_urdf_ws)
[0.202s] DEBUG:colcon.colcon_core.event_handler.log_command:Invoked command in '/home/jlegarrec/Documents/pfr_sim/pfr_urdf_ws/build/pfr_urdf_ws' returned '0': CMAKE_PREFIX_PATH=${CMAKE_PREFIX_PATH}:/opt/ros/jazzy DEBUGINFOD_URLS=https://debuginfod.ubuntu.com /usr/bin/cmake --install /home/jlegarrec/Documents/pfr_sim/pfr_urdf_ws/build/pfr_urdf_ws
[0.203s] Level 1:colcon.colcon_core.environment:checking '/home/jlegarrec/Documents/pfr_sim/pfr_urdf_ws/install/pfr_urdf_ws' for CMake module files
[0.204s] Level 1:colcon.colcon_core.environment:checking '/home/jlegarrec/Documents/pfr_sim/pfr_urdf_ws/install/pfr_urdf_ws' for CMake config files
[0.204s] Level 1:colcon.colcon_core.shell:create_environment_hook('pfr_urdf_ws', 'cmake_prefix_path')
[0.204s] INFO:colcon.colcon_core.shell:Creating environment hook '/home/jlegarrec/Documents/pfr_sim/pfr_urdf_ws/install/pfr_urdf_ws/share/pfr_urdf_ws/hook/cmake_prefix_path.ps1'
[0.204s] INFO:colcon.colcon_core.shell:Creating environment descriptor '/home/jlegarrec/Documents/pfr_sim/pfr_urdf_ws/install/pfr_urdf_ws/share/pfr_urdf_ws/hook/cmake_prefix_path.dsv'
[0.205s] INFO:colcon.colcon_core.shell:Creating environment hook '/home/jlegarrec/Documents/pfr_sim/pfr_urdf_ws/install/pfr_urdf_ws/share/pfr_urdf_ws/hook/cmake_prefix_path.sh'
[0.205s] Level 1:colcon.colcon_core.environment:checking '/home/jlegarrec/Documents/pfr_sim/pfr_urdf_ws/install/pfr_urdf_ws/bin'
[0.205s] Level 1:colcon.colcon_core.environment:checking '/home/jlegarrec/Documents/pfr_sim/pfr_urdf_ws/install/pfr_urdf_ws/lib/pkgconfig/pfr_urdf_ws.pc'
[0.205s] Level 1:colcon.colcon_core.environment:checking '/home/jlegarrec/Documents/pfr_sim/pfr_urdf_ws/install/pfr_urdf_ws/lib/python3.12/site-packages'
[0.205s] Level 1:colcon.colcon_core.environment:checking '/home/jlegarrec/Documents/pfr_sim/pfr_urdf_ws/install/pfr_urdf_ws/bin'
[0.205s] INFO:colcon.colcon_core.shell:Creating package script '/home/jlegarrec/Documents/pfr_sim/pfr_urdf_ws/install/pfr_urdf_ws/share/pfr_urdf_ws/package.ps1'
[0.206s] INFO:colcon.colcon_core.shell:Creating package descriptor '/home/jlegarrec/Documents/pfr_sim/pfr_urdf_ws/install/pfr_urdf_ws/share/pfr_urdf_ws/package.dsv'
[0.206s] INFO:colcon.colcon_core.shell:Creating package script '/home/jlegarrec/Documents/pfr_sim/pfr_urdf_ws/install/pfr_urdf_ws/share/pfr_urdf_ws/package.sh'
[0.206s] INFO:colcon.colcon_core.shell:Creating package script '/home/jlegarrec/Documents/pfr_sim/pfr_urdf_ws/install/pfr_urdf_ws/share/pfr_urdf_ws/package.bash'
[0.207s] INFO:colcon.colcon_core.shell:Creating package script '/home/jlegarrec/Documents/pfr_sim/pfr_urdf_ws/install/pfr_urdf_ws/share/pfr_urdf_ws/package.zsh'
[0.207s] Level 1:colcon.colcon_core.environment:create_file_with_runtime_dependencies(/home/jlegarrec/Documents/pfr_sim/pfr_urdf_ws/install/pfr_urdf_ws/share/colcon-core/packages/pfr_urdf_ws)
[0.229s] Level 1:colcon.colcon_core.environment:create_environment_scripts_only(pfr_urdf_ws)
[0.229s] Level 1:colcon.colcon_core.environment:checking '/home/jlegarrec/Documents/pfr_sim/pfr_urdf_ws/install/pfr_urdf_ws' for CMake module files
[0.229s] Level 1:colcon.colcon_core.environment:checking '/home/jlegarrec/Documents/pfr_sim/pfr_urdf_ws/install/pfr_urdf_ws' for CMake config files
[0.229s] Level 1:colcon.colcon_core.shell:create_environment_hook('pfr_urdf_ws', 'cmake_prefix_path')
[0.229s] INFO:colcon.colcon_core.shell:Creating environment hook '/home/jlegarrec/Documents/pfr_sim/pfr_urdf_ws/install/pfr_urdf_ws/share/pfr_urdf_ws/hook/cmake_prefix_path.ps1'
[0.230s] INFO:colcon.colcon_core.shell:Creating environment descriptor '/home/jlegarrec/Documents/pfr_sim/pfr_urdf_ws/install/pfr_urdf_ws/share/pfr_urdf_ws/hook/cmake_prefix_path.dsv'
[0.230s] INFO:colcon.colcon_core.shell:Creating environment hook '/home/jlegarrec/Documents/pfr_sim/pfr_urdf_ws/install/pfr_urdf_ws/share/pfr_urdf_ws/hook/cmake_prefix_path.sh'
[0.230s] Level 1:colcon.colcon_core.environment:checking '/home/jlegarrec/Documents/pfr_sim/pfr_urdf_ws/install/pfr_urdf_ws/bin'
[0.230s] Level 1:colcon.colcon_core.environment:checking '/home/jlegarrec/Documents/pfr_sim/pfr_urdf_ws/install/pfr_urdf_ws/lib/pkgconfig/pfr_urdf_ws.pc'
[0.231s] Level 1:colcon.colcon_core.environment:checking '/home/jlegarrec/Documents/pfr_sim/pfr_urdf_ws/install/pfr_urdf_ws/lib/python3.12/site-packages'
[0.231s] Level 1:colcon.colcon_core.environment:checking '/home/jlegarrec/Documents/pfr_sim/pfr_urdf_ws/install/pfr_urdf_ws/bin'
[0.231s] INFO:colcon.colcon_core.shell:Creating package script '/home/jlegarrec/Documents/pfr_sim/pfr_urdf_ws/install/pfr_urdf_ws/share/pfr_urdf_ws/package.ps1'
[0.231s] INFO:colcon.colcon_core.shell:Creating package descriptor '/home/jlegarrec/Documents/pfr_sim/pfr_urdf_ws/install/pfr_urdf_ws/share/pfr_urdf_ws/package.dsv'
[0.232s] INFO:colcon.colcon_core.shell:Creating package script '/home/jlegarrec/Documents/pfr_sim/pfr_urdf_ws/install/pfr_urdf_ws/share/pfr_urdf_ws/package.sh'
[0.232s] INFO:colcon.colcon_core.shell:Creating package script '/home/jlegarrec/Documents/pfr_sim/pfr_urdf_ws/install/pfr_urdf_ws/share/pfr_urdf_ws/package.bash'
[0.232s] INFO:colcon.colcon_core.shell:Creating package script '/home/jlegarrec/Documents/pfr_sim/pfr_urdf_ws/install/pfr_urdf_ws/share/pfr_urdf_ws/package.zsh'
[0.232s] Level 1:colcon.colcon_core.environment:create_file_with_runtime_dependencies(/home/jlegarrec/Documents/pfr_sim/pfr_urdf_ws/install/pfr_urdf_ws/share/colcon-core/packages/pfr_urdf_ws)
[0.233s] DEBUG:colcon.colcon_parallel_executor.executor.parallel:closing loop
[0.233s] DEBUG:colcon.colcon_parallel_executor.executor.parallel:loop closed
[0.233s] DEBUG:colcon.colcon_parallel_executor.executor.parallel:run_until_complete finished with '0'
[0.233s] DEBUG:colcon.colcon_core.event_reactor:joining thread
[0.236s] INFO:colcon.colcon_core.plugin_system:Skipping extension 'colcon_notification.desktop_notification.terminal_notifier': Not used on non-Darwin systems
[0.236s] INFO:colcon.colcon_core.plugin_system:Skipping extension 'colcon_notification.desktop_notification.win32': Not used on non-Windows systems
[0.236s] INFO:colcon.colcon_notification.desktop_notification:Sending desktop notification using 'notify2'
[0.244s] DEBUG:colcon.colcon_core.event_reactor:joined thread
[0.245s] INFO:colcon.colcon_core.shell:Creating prefix script '/home/jlegarrec/Documents/pfr_sim/pfr_urdf_ws/install/local_setup.ps1'
[0.245s] INFO:colcon.colcon_core.shell:Creating prefix util module '/home/jlegarrec/Documents/pfr_sim/pfr_urdf_ws/install/_local_setup_util_ps1.py'
[0.246s] INFO:colcon.colcon_core.shell:Creating prefix chain script '/home/jlegarrec/Documents/pfr_sim/pfr_urdf_ws/install/setup.ps1'
[0.247s] INFO:colcon.colcon_core.shell:Creating prefix script '/home/jlegarrec/Documents/pfr_sim/pfr_urdf_ws/install/local_setup.sh'
[0.248s] INFO:colcon.colcon_core.shell:Creating prefix util module '/home/jlegarrec/Documents/pfr_sim/pfr_urdf_ws/install/_local_setup_util_sh.py'
[0.249s] INFO:colcon.colcon_core.shell:Creating prefix chain script '/home/jlegarrec/Documents/pfr_sim/pfr_urdf_ws/install/setup.sh'
[0.249s] INFO:colcon.colcon_core.shell:Creating prefix script '/home/jlegarrec/Documents/pfr_sim/pfr_urdf_ws/install/local_setup.bash'
[0.249s] INFO:colcon.colcon_core.shell:Creating prefix chain script '/home/jlegarrec/Documents/pfr_sim/pfr_urdf_ws/install/setup.bash'
[0.250s] INFO:colcon.colcon_core.shell:Creating prefix script '/home/jlegarrec/Documents/pfr_sim/pfr_urdf_ws/install/local_setup.zsh'
[0.250s] INFO:colcon.colcon_core.shell:Creating prefix chain script '/home/jlegarrec/Documents/pfr_sim/pfr_urdf_ws/install/setup.zsh'
