-- Install configuration: ""
-- Up-to-date: /home/jlegarrec/Documents/pfr_sim/pfr_urdf_ws/install/pfr_urdf_ws/share/pfr_urdf_ws/src
-- Up-to-date: /home/jlegarrec/Documents/pfr_sim/pfr_urdf_ws/install/pfr_urdf_ws/share/pfr_urdf_ws/src/urdf
-- Up-to-date: /home/jlegarrec/Documents/pfr_sim/pfr_urdf_ws/install/pfr_urdf_ws/share/pfr_urdf_ws/src/urdf/meshes
-- Up-to-date: /home/jlegarrec/Documents/pfr_sim/pfr_urdf_ws/install/pfr_urdf_ws/share/pfr_urdf_ws/src/urdf/meshes/acorn_frame.stl
-- Up-to-date: /home/jlegarrec/Documents/pfr_sim/pfr_urdf_ws/install/pfr_urdf_ws/share/pfr_urdf_ws/src/urdf/meshes/fork_assembly.stl
-- Up-to-date: /home/jlegarrec/Documents/pfr_sim/pfr_urdf_ws/install/pfr_urdf_ws/share/pfr_urdf_ws/src/urdf/meshes/wheel_assembly.stl
-- Up-to-date: /home/jlegarrec/Documents/pfr_sim/pfr_urdf_ws/install/pfr_urdf_ws/share/pfr_urdf_ws/src/urdf/meshes/acorn_wheel.stl
-- Up-to-date: /home/jlegarrec/Documents/pfr_sim/pfr_urdf_ws/install/pfr_urdf_ws/share/pfr_urdf_ws/src/urdf/meshes/acorn_fork.stl
-- Up-to-date: /home/jlegarrec/Documents/pfr_sim/pfr_urdf_ws/install/pfr_urdf_ws/share/pfr_urdf_ws/src/urdf/meshes/acorn_frame2.stl
-- Up-to-date: /home/jlegarrec/Documents/pfr_sim/pfr_urdf_ws/install/pfr_urdf_ws/share/pfr_urdf_ws/src/urdf/meshes/frame_assembly.stl
-- Up-to-date: /home/jlegarrec/Documents/pfr_sim/pfr_urdf_ws/install/pfr_urdf_ws/share/pfr_urdf_ws/src/urdf/meshes/acorn_whee2.stl
-- Up-to-date: /home/jlegarrec/Documents/pfr_sim/pfr_urdf_ws/install/pfr_urdf_ws/share/pfr_urdf_ws/src/urdf/pfr_urdf.urdf
-- Up-to-date: /home/jlegarrec/Documents/pfr_sim/pfr_urdf_ws/install/pfr_urdf_ws/share/pfr_urdf_ws/launch
-- Up-to-date: /home/jlegarrec/Documents/pfr_sim/pfr_urdf_ws/install/pfr_urdf_ws/share/pfr_urdf_ws/launch/display.launch.py
-- Up-to-date: /home/jlegarrec/Documents/pfr_sim/pfr_urdf_ws/install/pfr_urdf_ws/share/pfr_urdf_ws/rviz
-- Up-to-date: /home/jlegarrec/Documents/pfr_sim/pfr_urdf_ws/install/pfr_urdf_ws/share/pfr_urdf_ws/rviz/urdf_config1.rviz
-- Up-to-date: /home/jlegarrec/Documents/pfr_sim/pfr_urdf_ws/install/pfr_urdf_ws/share/pfr_urdf_ws/rviz/urdf_config.rviz
-- Up-to-date: /home/jlegarrec/Documents/pfr_sim/pfr_urdf_ws/install/pfr_urdf_ws/share/ament_index/resource_index/package_run_dependencies/pfr_urdf_ws
-- Up-to-date: /home/jlegarrec/Documents/pfr_sim/pfr_urdf_ws/install/pfr_urdf_ws/share/ament_index/resource_index/parent_prefix_path/pfr_urdf_ws
-- Up-to-date: /home/jlegarrec/Documents/pfr_sim/pfr_urdf_ws/install/pfr_urdf_ws/share/pfr_urdf_ws/environment/ament_prefix_path.sh
-- Up-to-date: /home/jlegarrec/Documents/pfr_sim/pfr_urdf_ws/install/pfr_urdf_ws/share/pfr_urdf_ws/environment/ament_prefix_path.dsv
-- Up-to-date: /home/jlegarrec/Documents/pfr_sim/pfr_urdf_ws/install/pfr_urdf_ws/share/pfr_urdf_ws/environment/path.sh
-- Up-to-date: /home/jlegarrec/Documents/pfr_sim/pfr_urdf_ws/install/pfr_urdf_ws/share/pfr_urdf_ws/environment/path.dsv
-- Up-to-date: /home/jlegarrec/Documents/pfr_sim/pfr_urdf_ws/install/pfr_urdf_ws/share/pfr_urdf_ws/local_setup.bash
-- Up-to-date: /home/jlegarrec/Documents/pfr_sim/pfr_urdf_ws/install/pfr_urdf_ws/share/pfr_urdf_ws/local_setup.sh
-- Up-to-date: /home/jlegarrec/Documents/pfr_sim/pfr_urdf_ws/install/pfr_urdf_ws/share/pfr_urdf_ws/local_setup.zsh
-- Up-to-date: /home/jlegarrec/Documents/pfr_sim/pfr_urdf_ws/install/pfr_urdf_ws/share/pfr_urdf_ws/local_setup.dsv
-- Up-to-date: /home/jlegarrec/Documents/pfr_sim/pfr_urdf_ws/install/pfr_urdf_ws/share/pfr_urdf_ws/package.dsv
-- Up-to-date: /home/jlegarrec/Documents/pfr_sim/pfr_urdf_ws/install/pfr_urdf_ws/share/ament_index/resource_index/packages/pfr_urdf_ws
-- Up-to-date: /home/jlegarrec/Documents/pfr_sim/pfr_urdf_ws/install/pfr_urdf_ws/share/pfr_urdf_ws/cmake/pfr_urdf_wsConfig.cmake
-- Up-to-date: /home/jlegarrec/Documents/pfr_sim/pfr_urdf_ws/install/pfr_urdf_ws/share/pfr_urdf_ws/cmake/pfr_urdf_wsConfig-version.cmake
-- Up-to-date: /home/jlegarrec/Documents/pfr_sim/pfr_urdf_ws/install/pfr_urdf_ws/share/pfr_urdf_ws/package.xml
